<?xml version="1.0" encoding="UTF-8" standalone="no" ?>
<coverage branch-rate="NaN" branches-covered="NaN" branches-valid="NaN" complexity="NaN" line-rate="0.068842" lines-covered="424" lines-valid="6159" timestamp="1708890562.0364" version="">
  <sources>
    <source>/home/thurston/Projects/qups/</source>
  </sources>
  <packages>
    <package branch-rate="NaN" complexity="NaN" line-rate="0.068842" name="">
      <classes>
        <class branch-rate="NaN" complexity="NaN" filename="kern/beamform.m" line-rate="0" name="beamform">
          <methods/>
          <lines>
            <line hits="0" number="91"/>
            <line hits="0" number="92"/>
            <line hits="0" number="93"/>
            <line hits="0" number="94"/>
            <line hits="0" number="95"/>
            <line hits="0" number="96"/>
            <line hits="0" number="97"/>
            <line hits="0" number="98"/>
            <line hits="0" number="99"/>
            <line hits="0" number="100"/>
            <line hits="0" number="101"/>
            <line hits="0" number="103"/>
            <line hits="0" number="105"/>
            <line hits="0" number="106"/>
            <line hits="0" number="108"/>
            <line hits="0" number="110"/>
            <line hits="0" number="113"/>
            <line hits="0" number="114"/>
            <line hits="0" number="115"/>
            <line hits="0" number="116"/>
            <line hits="0" number="117"/>
            <line hits="0" number="118"/>
            <line hits="0" number="119"/>
            <line hits="0" number="120"/>
            <line hits="0" number="121"/>
            <line hits="0" number="122"/>
            <line hits="0" number="123"/>
            <line hits="0" number="124"/>
            <line hits="0" number="125"/>
            <line hits="0" number="126"/>
            <line hits="0" number="127"/>
            <line hits="0" number="128"/>
            <line hits="0" number="129"/>
            <line hits="0" number="130"/>
            <line hits="0" number="131"/>
            <line hits="0" number="132"/>
            <line hits="0" number="133"/>
            <line hits="0" number="134"/>
            <line hits="0" number="135"/>
            <line hits="0" number="136"/>
            <line hits="0" number="137"/>
            <line hits="0" number="138"/>
            <line hits="0" number="139"/>
            <line hits="0" number="141"/>
            <line hits="0" number="143"/>
            <line hits="0" number="147"/>
            <line hits="0" number="148"/>
            <line hits="0" number="149"/>
            <line hits="0" number="150"/>
            <line hits="0" number="151"/>
            <line hits="0" number="152"/>
            <line hits="0" number="153"/>
            <line hits="0" number="155"/>
            <line hits="0" number="160"/>
            <line hits="0" number="163"/>
            <line hits="0" number="166"/>
            <line hits="0" number="169"/>
            <line hits="0" number="173"/>
            <line hits="0" number="174"/>
            <line hits="0" number="177"/>
            <line hits="0" number="178"/>
            <line hits="0" number="179"/>
            <line hits="0" number="180"/>
            <line hits="0" number="181"/>
            <line hits="0" number="182"/>
            <line hits="0" number="183"/>
            <line hits="0" number="184"/>
            <line hits="0" number="188"/>
            <line hits="0" number="191"/>
            <line hits="0" number="192"/>
            <line hits="0" number="193"/>
            <line hits="0" number="194"/>
            <line hits="0" number="195"/>
            <line hits="0" number="197"/>
            <line hits="0" number="198"/>
            <line hits="0" number="199"/>
            <line hits="0" number="203"/>
            <line hits="0" number="204"/>
            <line hits="0" number="205"/>
            <line hits="0" number="208"/>
            <line hits="0" number="210"/>
            <line hits="0" number="211"/>
            <line hits="0" number="212"/>
            <line hits="0" number="213"/>
            <line hits="0" number="217"/>
            <line hits="0" number="218"/>
            <line hits="0" number="219"/>
            <line hits="0" number="220"/>
            <line hits="0" number="221"/>
            <line hits="0" number="222"/>
            <line hits="0" number="223"/>
            <line hits="0" number="227"/>
            <line hits="0" number="228"/>
            <line hits="0" number="229"/>
            <line hits="0" number="230"/>
            <line hits="0" number="231"/>
            <line hits="0" number="232"/>
            <line hits="0" number="233"/>
            <line hits="0" number="235"/>
            <line hits="0" number="236"/>
            <line hits="0" number="239"/>
            <line hits="0" number="242"/>
            <line hits="0" number="243"/>
            <line hits="0" number="244"/>
            <line hits="0" number="247"/>
            <line hits="0" number="248"/>
            <line hits="0" number="249"/>
            <line hits="0" number="250"/>
            <line hits="0" number="253"/>
            <line hits="0" number="254"/>
            <line hits="0" number="255"/>
            <line hits="0" number="256"/>
            <line hits="0" number="257"/>
            <line hits="0" number="258"/>
            <line hits="0" number="262"/>
            <line hits="0" number="263"/>
            <line hits="0" number="264"/>
            <line hits="0" number="265"/>
            <line hits="0" number="266"/>
            <line hits="0" number="269"/>
            <line hits="0" number="271"/>
            <line hits="0" number="274"/>
            <line hits="0" number="275"/>
            <line hits="0" number="276"/>
            <line hits="0" number="277"/>
            <line hits="0" number="280"/>
            <line hits="0" number="281"/>
            <line hits="0" number="284"/>
            <line hits="0" number="285"/>
            <line hits="0" number="286"/>
            <line hits="0" number="289"/>
            <line hits="0" number="290"/>
            <line hits="0" number="291"/>
            <line hits="0" number="292"/>
            <line hits="0" number="293"/>
            <line hits="0" number="294"/>
            <line hits="0" number="296"/>
            <line hits="0" number="299"/>
            <line hits="0" number="302"/>
            <line hits="0" number="303"/>
            <line hits="0" number="306"/>
            <line hits="0" number="307"/>
            <line hits="0" number="308"/>
            <line hits="0" number="309"/>
            <line hits="0" number="311"/>
            <line hits="0" number="314"/>
            <line hits="0" number="315"/>
            <line hits="0" number="316"/>
            <line hits="0" number="317"/>
            <line hits="0" number="318"/>
            <line hits="0" number="321"/>
            <line hits="0" number="324"/>
            <line hits="0" number="325"/>
            <line hits="0" number="328"/>
            <line hits="0" number="332"/>
            <line hits="0" number="333"/>
            <line hits="0" number="334"/>
            <line hits="0" number="338"/>
            <line hits="0" number="339"/>
            <line hits="0" number="340"/>
            <line hits="0" number="344"/>
            <line hits="0" number="347"/>
            <line hits="0" number="350"/>
            <line hits="0" number="351"/>
            <line hits="0" number="352"/>
            <line hits="0" number="354"/>
            <line hits="0" number="355"/>
            <line hits="0" number="358"/>
            <line hits="0" number="359"/>
            <line hits="0" number="360"/>
            <line hits="0" number="364"/>
            <line hits="0" number="367"/>
            <line hits="0" number="370"/>
            <line hits="0" number="371"/>
            <line hits="0" number="372"/>
            <line hits="0" number="377"/>
            <line hits="0" number="378"/>
            <line hits="0" number="379"/>
            <line hits="0" number="380"/>
            <line hits="0" number="381"/>
            <line hits="0" number="384"/>
            <line hits="0" number="387"/>
            <line hits="0" number="388"/>
            <line hits="0" number="389"/>
            <line hits="0" number="392"/>
            <line hits="0" number="393"/>
            <line hits="0" number="396"/>
            <line hits="0" number="397"/>
            <line hits="0" number="398"/>
            <line hits="0" number="399"/>
            <line hits="0" number="400"/>
            <line hits="0" number="403"/>
            <line hits="0" number="404"/>
            <line hits="0" number="405"/>
            <line hits="0" number="406"/>
            <line hits="0" number="408"/>
            <line hits="0" number="412"/>
            <line hits="0" number="415"/>
            <line hits="0" number="416"/>
            <line hits="0" number="419"/>
            <line hits="0" number="420"/>
            <line hits="0" number="421"/>
            <line hits="0" number="425"/>
            <line hits="0" number="427"/>
            <line hits="0" number="428"/>
            <line hits="0" number="429"/>
            <line hits="0" number="431"/>
            <line hits="0" number="432"/>
            <line hits="0" number="433"/>
            <line hits="0" number="434"/>
            <line hits="0" number="435"/>
            <line hits="0" number="436"/>
            <line hits="0" number="437"/>
            <line hits="0" number="438"/>
            <line hits="0" number="439"/>
            <line hits="0" number="458"/>
            <line hits="0" number="459"/>
            <line hits="0" number="460"/>
            <line hits="0" number="461"/>
            <line hits="0" number="462"/>
            <line hits="0" number="463"/>
            <line hits="0" number="464"/>
            <line hits="0" number="465"/>
            <line hits="0" number="466"/>
            <line hits="0" number="483"/>
            <line hits="0" number="484"/>
            <line hits="0" number="485"/>
            <line hits="0" number="486"/>
            <line hits="0" number="487"/>
            <line hits="0" number="488"/>
            <line hits="0" number="489"/>
            <line hits="0" number="490"/>
            <line hits="0" number="491"/>
            <line hits="0" number="508"/>
            <line hits="0" number="509"/>
            <line hits="0" number="511"/>
            <line hits="0" number="514"/>
            <line hits="0" number="517"/>
            <line hits="0" number="518"/>
            <line hits="0" number="519"/>
            <line hits="0" number="520"/>
            <line hits="0" number="521"/>
            <line hits="0" number="522"/>
            <line hits="0" number="541"/>
            <line hits="0" number="542"/>
            <line hits="0" number="543"/>
            <line hits="0" number="547"/>
            <line hits="0" number="548"/>
            <line hits="0" number="549"/>
            <line hits="0" number="550"/>
            <line hits="0" number="555"/>
            <line hits="0" number="557"/>
            <line hits="0" number="558"/>
            <line hits="0" number="560"/>
            <line hits="0" number="568"/>
            <line hits="0" number="569"/>
            <line hits="0" number="570"/>
            <line hits="0" number="571"/>
            <line hits="0" number="572"/>
            <line hits="0" number="573"/>
            <line hits="0" number="574"/>
            <line hits="0" number="577"/>
            <line hits="0" number="578"/>
            <line hits="0" number="579"/>
            <line hits="0" number="580"/>
            <line hits="0" number="582"/>
            <line hits="0" number="583"/>
            <line hits="0" number="584"/>
            <line hits="0" number="585"/>
            <line hits="0" number="586"/>
            <line hits="0" number="587"/>
            <line hits="0" number="588"/>
            <line hits="0" number="589"/>
            <line hits="0" number="592"/>
            <line hits="0" number="593"/>
            <line hits="0" number="594"/>
            <line hits="0" number="598"/>
            <line hits="0" number="599"/>
            <line hits="0" number="600"/>
            <line hits="0" number="601"/>
            <line hits="0" number="602"/>
            <line hits="0" number="603"/>
            <line hits="0" number="604"/>
            <line hits="0" number="605"/>
            <line hits="0" number="608"/>
            <line hits="0" number="609"/>
            <line hits="0" number="610"/>
            <line hits="0" number="611"/>
            <line hits="0" number="615"/>
            <line hits="0" number="616"/>
            <line hits="0" number="617"/>
            <line hits="0" number="618"/>
            <line hits="0" number="619"/>
            <line hits="0" number="620"/>
            <line hits="0" number="621"/>
            <line hits="0" number="622"/>
            <line hits="0" number="623"/>
            <line hits="0" number="625"/>
          </lines>
        </class>
        <class branch-rate="NaN" complexity="NaN" filename="kern/cohfac.m" line-rate="0" name="cohfac">
          <methods/>
          <lines>
            <line hits="0" number="59"/>
            <line hits="0" number="60"/>
            <line hits="0" number="64"/>
          </lines>
        </class>
        <class branch-rate="NaN" complexity="NaN" filename="kern/convd.m" line-rate="0.56637" name="convd">
          <methods/>
          <lines>
            <line hits="36" number="50"/>
            <line hits="36" number="51"/>
            <line hits="36" number="52"/>
            <line hits="36" number="53"/>
            <line hits="0" number="54"/>
            <line hits="36" number="55"/>
            <line hits="36" number="56"/>
            <line hits="36" number="57"/>
            <line hits="36" number="62"/>
            <line hits="36" number="63"/>
            <line hits="36" number="66"/>
            <line hits="36" number="67"/>
            <line hits="36" number="68"/>
            <line hits="36" number="69"/>
            <line hits="36" number="72"/>
            <line hits="36" number="73"/>
            <line hits="36" number="74"/>
            <line hits="36" number="77"/>
            <line hits="36" number="78"/>
            <line hits="36" number="79"/>
            <line hits="36" number="80"/>
            <line hits="36" number="81"/>
            <line hits="36" number="84"/>
            <line hits="36" number="85"/>
            <line hits="36" number="88"/>
            <line hits="36" number="89"/>
            <line hits="12" number="90"/>
            <line hits="24" number="91"/>
            <line hits="12" number="92"/>
            <line hits="12" number="93"/>
            <line hits="12" number="94"/>
            <line hits="36" number="98"/>
            <line hits="36" number="99"/>
            <line hits="36" number="100"/>
            <line hits="36" number="104"/>
            <line hits="36" number="105"/>
            <line hits="36" number="106"/>
            <line hits="36" number="109"/>
            <line hits="36" number="110"/>
            <line hits="36" number="111"/>
            <line hits="0" number="112"/>
            <line hits="0" number="113"/>
            <line hits="0" number="114"/>
            <line hits="0" number="115"/>
            <line hits="36" number="120"/>
            <line hits="0" number="122"/>
            <line hits="0" number="123"/>
            <line hits="0" number="126"/>
            <line hits="0" number="127"/>
            <line hits="0" number="130"/>
            <line hits="0" number="131"/>
            <line hits="0" number="132"/>
            <line hits="0" number="133"/>
            <line hits="0" number="134"/>
            <line hits="0" number="135"/>
            <line hits="0" number="136"/>
            <line hits="0" number="137"/>
            <line hits="0" number="138"/>
            <line hits="0" number="142"/>
            <line hits="0" number="144"/>
            <line hits="0" number="145"/>
            <line hits="0" number="146"/>
            <line hits="0" number="147"/>
            <line hits="0" number="148"/>
            <line hits="0" number="152"/>
            <line hits="0" number="153"/>
            <line hits="0" number="154"/>
            <line hits="0" number="158"/>
            <line hits="0" number="162"/>
            <line hits="0" number="165"/>
            <line hits="0" number="166"/>
            <line hits="0" number="167"/>
            <line hits="0" number="168"/>
            <line hits="0" number="170"/>
            <line hits="0" number="171"/>
            <line hits="0" number="172"/>
            <line hits="0" number="175"/>
            <line hits="0" number="179"/>
            <line hits="0" number="180"/>
            <line hits="0" number="182"/>
            <line hits="0" number="183"/>
            <line hits="0" number="186"/>
            <line hits="36" number="193"/>
            <line hits="36" number="196"/>
            <line hits="36" number="197"/>
            <line hits="36" number="200"/>
            <line hits="36" number="201"/>
            <line hits="36" number="202"/>
            <line hits="36" number="203"/>
            <line hits="36" number="204"/>
            <line hits="36" number="207"/>
            <line hits="36" number="208"/>
            <line hits="36" number="209"/>
            <line hits="36" number="210"/>
            <line hits="36" number="212"/>
            <line hits="0" number="213"/>
            <line hits="0" number="214"/>
            <line hits="0" number="217"/>
            <line hits="36" number="220"/>
            <line hits="36" number="230"/>
            <line hits="36" number="231"/>
            <line hits="36" number="236"/>
            <line hits="36" number="237"/>
            <line hits="0" number="240"/>
            <line hits="0" number="241"/>
            <line hits="0" number="242"/>
            <line hits="0" number="243"/>
            <line hits="36" number="247"/>
            <line hits="36" number="248"/>
            <line hits="36" number="250"/>
            <line hits="36" number="251"/>
            <line hits="18" number="252"/>
            <line hits="36" number="255"/>
          </lines>
        </class>
        <class branch-rate="NaN" complexity="NaN" filename="kern/dmas.m" line-rate="0" name="dmas">
          <methods/>
          <lines>
            <line hits="0" number="67"/>
            <line hits="0" number="68"/>
            <line hits="0" number="69"/>
            <line hits="0" number="72"/>
            <line hits="0" number="73"/>
            <line hits="0" number="74"/>
            <line hits="0" number="75"/>
            <line hits="0" number="76"/>
            <line hits="0" number="80"/>
          </lines>
        </class>
        <class branch-rate="NaN" complexity="NaN" filename="kern/globalAverageC.m" line-rate="0" name="globalAverageC">
          <methods/>
          <lines>
            <line hits="0" number="47"/>
            <line hits="0" number="48"/>
            <line hits="0" number="52"/>
            <line hits="0" number="53"/>
            <line hits="0" number="56"/>
            <line hits="0" number="60"/>
            <line hits="0" number="61"/>
            <line hits="0" number="66"/>
            <line hits="0" number="67"/>
          </lines>
        </class>
        <class branch-rate="NaN" complexity="NaN" filename="kern/interpd.m" line-rate="0" name="interpd">
          <methods/>
          <lines>
            <line hits="0" number="49"/>
            <line hits="0" number="50"/>
            <line hits="0" number="51"/>
            <line hits="0" number="52"/>
            <line hits="0" number="53"/>
            <line hits="0" number="55"/>
            <line hits="0" number="57"/>
            <line hits="0" number="58"/>
            <line hits="0" number="59"/>
            <line hits="0" number="60"/>
            <line hits="0" number="61"/>
            <line hits="0" number="62"/>
            <line hits="0" number="63"/>
            <line hits="0" number="64"/>
            <line hits="0" number="68"/>
            <line hits="0" number="69"/>
            <line hits="0" number="72"/>
            <line hits="0" number="73"/>
            <line hits="0" number="74"/>
            <line hits="0" number="75"/>
            <line hits="0" number="76"/>
            <line hits="0" number="79"/>
            <line hits="0" number="80"/>
            <line hits="0" number="81"/>
            <line hits="0" number="85"/>
            <line hits="0" number="87"/>
            <line hits="0" number="89"/>
            <line hits="0" number="90"/>
            <line hits="0" number="91"/>
            <line hits="0" number="93"/>
            <line hits="0" number="94"/>
            <line hits="0" number="95"/>
            <line hits="0" number="96"/>
            <line hits="0" number="97"/>
            <line hits="0" number="98"/>
            <line hits="0" number="101"/>
            <line hits="0" number="104"/>
            <line hits="0" number="105"/>
            <line hits="0" number="106"/>
            <line hits="0" number="107"/>
            <line hits="0" number="108"/>
            <line hits="0" number="109"/>
            <line hits="0" number="111"/>
            <line hits="0" number="112"/>
            <line hits="0" number="116"/>
            <line hits="0" number="117"/>
            <line hits="0" number="118"/>
            <line hits="0" number="119"/>
            <line hits="0" number="120"/>
            <line hits="0" number="121"/>
            <line hits="0" number="125"/>
            <line hits="0" number="128"/>
            <line hits="0" number="129"/>
            <line hits="0" number="130"/>
            <line hits="0" number="131"/>
            <line hits="0" number="132"/>
            <line hits="0" number="133"/>
            <line hits="0" number="135"/>
            <line hits="0" number="136"/>
            <line hits="0" number="139"/>
            <line hits="0" number="141"/>
            <line hits="0" number="142"/>
            <line hits="0" number="145"/>
            <line hits="0" number="147"/>
            <line hits="0" number="149"/>
            <line hits="0" number="150"/>
            <line hits="0" number="153"/>
            <line hits="0" number="154"/>
            <line hits="0" number="157"/>
            <line hits="0" number="158"/>
            <line hits="0" number="159"/>
            <line hits="0" number="160"/>
            <line hits="0" number="165"/>
            <line hits="0" number="166"/>
            <line hits="0" number="167"/>
            <line hits="0" number="168"/>
            <line hits="0" number="171"/>
            <line hits="0" number="174"/>
            <line hits="0" number="175"/>
            <line hits="0" number="178"/>
            <line hits="0" number="179"/>
            <line hits="0" number="182"/>
            <line hits="0" number="183"/>
            <line hits="0" number="187"/>
            <line hits="0" number="188"/>
            <line hits="0" number="189"/>
            <line hits="0" number="193"/>
            <line hits="0" number="195"/>
            <line hits="0" number="197"/>
            <line hits="0" number="198"/>
            <line hits="0" number="199"/>
            <line hits="0" number="200"/>
            <line hits="0" number="201"/>
            <line hits="0" number="204"/>
            <line hits="0" number="209"/>
            <line hits="0" number="210"/>
            <line hits="0" number="213"/>
          </lines>
        </class>
        <class branch-rate="NaN" complexity="NaN" filename="kern/interpf.m" line-rate="0" name="interpf">
          <methods/>
          <lines>
            <line hits="0" number="30"/>
            <line hits="0" number="32"/>
            <line hits="0" number="34"/>
            <line hits="0" number="35"/>
            <line hits="0" number="36"/>
            <line hits="0" number="40"/>
            <line hits="0" number="41"/>
            <line hits="0" number="42"/>
            <line hits="0" number="43"/>
            <line hits="0" number="44"/>
            <line hits="0" number="48"/>
            <line hits="0" number="49"/>
            <line hits="0" number="50"/>
            <line hits="0" number="51"/>
            <line hits="0" number="53"/>
            <line hits="0" number="54"/>
            <line hits="0" number="55"/>
            <line hits="0" number="57"/>
          </lines>
        </class>
        <class branch-rate="NaN" complexity="NaN" filename="kern/msfm.m" line-rate="0" name="msfm">
          <methods/>
          <lines>
            <line hits="0" number="93"/>
            <line hits="0" number="94"/>
            <line hits="0" number="96"/>
            <line hits="0" number="97"/>
            <line hits="0" number="98"/>
            <line hits="0" number="101"/>
            <line hits="0" number="102"/>
            <line hits="0" number="103"/>
            <line hits="0" number="105"/>
            <line hits="0" number="108"/>
            <line hits="0" number="109"/>
            <line hits="0" number="111"/>
          </lines>
        </class>
        <class branch-rate="NaN" complexity="NaN" filename="kern/msfm2d.m" line-rate="0" name="msfm2d">
          <methods/>
          <lines>
            <line hits="0" number="61"/>
            <line hits="0" number="64"/>
            <line hits="0" number="67"/>
            <line hits="0" number="70"/>
            <line hits="0" number="73"/>
            <line hits="0" number="74"/>
            <line hits="0" number="75"/>
            <line hits="0" number="76"/>
            <line hits="0" number="78"/>
            <line hits="0" number="87"/>
            <line hits="0" number="88"/>
            <line hits="0" number="89"/>
            <line hits="0" number="90"/>
            <line hits="0" number="92"/>
            <line hits="0" number="95"/>
            <line hits="0" number="97"/>
            <line hits="0" number="99"/>
            <line hits="0" number="103"/>
            <line hits="0" number="105"/>
            <line hits="0" number="106"/>
            <line hits="0" number="107"/>
            <line hits="0" number="109"/>
            <line hits="0" number="112"/>
            <line hits="0" number="113"/>
            <line hits="0" number="114"/>
            <line hits="0" number="116"/>
            <line hits="0" number="117"/>
            <line hits="0" number="118"/>
            <line hits="0" number="120"/>
            <line hits="0" number="121"/>
            <line hits="0" number="124"/>
            <line hits="0" number="126"/>
            <line hits="0" number="127"/>
            <line hits="0" number="128"/>
            <line hits="0" number="130"/>
            <line hits="0" number="132"/>
            <line hits="0" number="139"/>
            <line hits="0" number="142"/>
            <line hits="0" number="143"/>
            <line hits="0" number="144"/>
            <line hits="0" number="145"/>
            <line hits="0" number="146"/>
            <line hits="0" number="148"/>
            <line hits="0" number="151"/>
            <line hits="0" number="152"/>
            <line hits="0" number="153"/>
            <line hits="0" number="154"/>
            <line hits="0" number="156"/>
            <line hits="0" number="159"/>
            <line hits="0" number="161"/>
            <line hits="0" number="165"/>
            <line hits="0" number="167"/>
            <line hits="0" number="168"/>
            <line hits="0" number="169"/>
            <line hits="0" number="173"/>
            <line hits="0" number="174"/>
            <line hits="0" number="175"/>
            <line hits="0" number="176"/>
            <line hits="0" number="179"/>
            <line hits="0" number="181"/>
            <line hits="0" number="182"/>
            <line hits="0" number="183"/>
            <line hits="0" number="185"/>
            <line hits="0" number="187"/>
            <line hits="0" number="195"/>
            <line hits="0" number="196"/>
            <line hits="0" number="197"/>
            <line hits="0" number="198"/>
            <line hits="0" number="199"/>
            <line hits="0" number="200"/>
            <line hits="0" number="208"/>
            <line hits="0" number="211"/>
            <line hits="0" number="212"/>
            <line hits="0" number="214"/>
            <line hits="0" number="215"/>
            <line hits="0" number="216"/>
            <line hits="0" number="220"/>
            <line hits="0" number="221"/>
            <line hits="0" number="224"/>
            <line hits="0" number="226"/>
            <line hits="0" number="227"/>
            <line hits="0" number="228"/>
            <line hits="0" number="231"/>
            <line hits="0" number="233"/>
            <line hits="0" number="234"/>
            <line hits="0" number="235"/>
            <line hits="0" number="238"/>
            <line hits="0" number="239"/>
            <line hits="0" number="240"/>
            <line hits="0" number="241"/>
            <line hits="0" number="242"/>
            <line hits="0" number="245"/>
            <line hits="0" number="246"/>
            <line hits="0" number="247"/>
            <line hits="0" number="248"/>
            <line hits="0" number="252"/>
            <line hits="0" number="256"/>
            <line hits="0" number="257"/>
            <line hits="0" number="258"/>
            <line hits="0" number="259"/>
            <line hits="0" number="260"/>
            <line hits="0" number="261"/>
            <line hits="0" number="262"/>
            <line hits="0" number="266"/>
            <line hits="0" number="268"/>
            <line hits="0" number="269"/>
            <line hits="0" number="270"/>
            <line hits="0" number="271"/>
            <line hits="0" number="272"/>
            <line hits="0" number="273"/>
            <line hits="0" number="274"/>
            <line hits="0" number="275"/>
            <line hits="0" number="278"/>
            <line hits="0" number="280"/>
            <line hits="0" number="285"/>
            <line hits="0" number="286"/>
            <line hits="0" number="287"/>
            <line hits="0" number="291"/>
            <line hits="0" number="292"/>
            <line hits="0" number="293"/>
            <line hits="0" number="294"/>
            <line hits="0" number="296"/>
            <line hits="0" number="297"/>
          </lines>
        </class>
        <class branch-rate="NaN" complexity="NaN" filename="kern/msfm3d.m" line-rate="0" name="msfm3d">
          <methods/>
          <lines>
            <line hits="0" number="61"/>
            <line hits="0" number="64"/>
            <line hits="0" number="67"/>
            <line hits="0" number="70"/>
            <line hits="0" number="73"/>
            <line hits="0" number="74"/>
            <line hits="0" number="75"/>
            <line hits="0" number="76"/>
            <line hits="0" number="78"/>
            <line hits="0" number="87"/>
            <line hits="0" number="88"/>
            <line hits="0" number="89"/>
            <line hits="0" number="90"/>
            <line hits="0" number="92"/>
            <line hits="0" number="95"/>
            <line hits="0" number="97"/>
            <line hits="0" number="99"/>
            <line hits="0" number="103"/>
            <line hits="0" number="105"/>
            <line hits="0" number="106"/>
            <line hits="0" number="107"/>
            <line hits="0" number="109"/>
            <line hits="0" number="112"/>
            <line hits="0" number="113"/>
            <line hits="0" number="114"/>
            <line hits="0" number="116"/>
            <line hits="0" number="117"/>
            <line hits="0" number="118"/>
            <line hits="0" number="120"/>
            <line hits="0" number="121"/>
            <line hits="0" number="124"/>
            <line hits="0" number="126"/>
            <line hits="0" number="127"/>
            <line hits="0" number="128"/>
            <line hits="0" number="130"/>
            <line hits="0" number="132"/>
            <line hits="0" number="139"/>
            <line hits="0" number="142"/>
            <line hits="0" number="143"/>
            <line hits="0" number="144"/>
            <line hits="0" number="145"/>
            <line hits="0" number="146"/>
            <line hits="0" number="148"/>
            <line hits="0" number="151"/>
            <line hits="0" number="152"/>
            <line hits="0" number="153"/>
            <line hits="0" number="154"/>
            <line hits="0" number="156"/>
            <line hits="0" number="159"/>
            <line hits="0" number="161"/>
            <line hits="0" number="165"/>
            <line hits="0" number="167"/>
            <line hits="0" number="168"/>
            <line hits="0" number="169"/>
            <line hits="0" number="173"/>
            <line hits="0" number="174"/>
            <line hits="0" number="175"/>
            <line hits="0" number="176"/>
            <line hits="0" number="179"/>
            <line hits="0" number="181"/>
            <line hits="0" number="182"/>
            <line hits="0" number="183"/>
            <line hits="0" number="185"/>
            <line hits="0" number="187"/>
            <line hits="0" number="195"/>
            <line hits="0" number="196"/>
            <line hits="0" number="197"/>
            <line hits="0" number="198"/>
            <line hits="0" number="199"/>
            <line hits="0" number="200"/>
            <line hits="0" number="208"/>
            <line hits="0" number="211"/>
            <line hits="0" number="212"/>
            <line hits="0" number="214"/>
            <line hits="0" number="215"/>
            <line hits="0" number="216"/>
            <line hits="0" number="220"/>
            <line hits="0" number="221"/>
            <line hits="0" number="224"/>
            <line hits="0" number="226"/>
            <line hits="0" number="227"/>
            <line hits="0" number="228"/>
            <line hits="0" number="231"/>
            <line hits="0" number="233"/>
            <line hits="0" number="234"/>
            <line hits="0" number="235"/>
            <line hits="0" number="238"/>
            <line hits="0" number="239"/>
            <line hits="0" number="240"/>
            <line hits="0" number="241"/>
            <line hits="0" number="242"/>
            <line hits="0" number="245"/>
            <line hits="0" number="246"/>
            <line hits="0" number="247"/>
            <line hits="0" number="248"/>
            <line hits="0" number="252"/>
            <line hits="0" number="256"/>
            <line hits="0" number="257"/>
            <line hits="0" number="258"/>
            <line hits="0" number="259"/>
            <line hits="0" number="260"/>
            <line hits="0" number="261"/>
            <line hits="0" number="262"/>
            <line hits="0" number="266"/>
            <line hits="0" number="268"/>
            <line hits="0" number="269"/>
            <line hits="0" number="270"/>
            <line hits="0" number="271"/>
            <line hits="0" number="272"/>
            <line hits="0" number="273"/>
            <line hits="0" number="274"/>
            <line hits="0" number="275"/>
            <line hits="0" number="278"/>
            <line hits="0" number="280"/>
            <line hits="0" number="285"/>
            <line hits="0" number="286"/>
            <line hits="0" number="287"/>
            <line hits="0" number="291"/>
            <line hits="0" number="292"/>
            <line hits="0" number="293"/>
            <line hits="0" number="294"/>
            <line hits="0" number="296"/>
            <line hits="0" number="297"/>
          </lines>
        </class>
        <class branch-rate="NaN" complexity="NaN" filename="kern/pcf.m" line-rate="0" name="pcf">
          <methods/>
          <lines>
            <line hits="0" number="72"/>
            <line hits="0" number="73"/>
            <line hits="0" number="74"/>
            <line hits="0" number="75"/>
            <line hits="0" number="78"/>
            <line hits="0" number="79"/>
            <line hits="0" number="81"/>
            <line hits="0" number="82"/>
            <line hits="0" number="85"/>
            <line hits="0" number="86"/>
            <line hits="0" number="89"/>
            <line hits="0" number="103"/>
            <line hits="0" number="106"/>
            <line hits="0" number="108"/>
          </lines>
        </class>
        <class branch-rate="NaN" complexity="NaN" filename="kern/pwznxcorr.m" line-rate="0" name="pwznxcorr">
          <methods/>
          <lines>
            <line hits="0" number="115"/>
            <line hits="0" number="116"/>
            <line hits="0" number="117"/>
            <line hits="0" number="118"/>
            <line hits="0" number="119"/>
            <line hits="0" number="120"/>
            <line hits="0" number="121"/>
            <line hits="0" number="122"/>
            <line hits="0" number="123"/>
            <line hits="0" number="124"/>
            <line hits="0" number="125"/>
            <line hits="0" number="126"/>
            <line hits="0" number="131"/>
            <line hits="0" number="132"/>
            <line hits="0" number="133"/>
            <line hits="0" number="134"/>
            <line hits="0" number="135"/>
            <line hits="0" number="136"/>
            <line hits="0" number="140"/>
            <line hits="0" number="143"/>
            <line hits="0" number="144"/>
            <line hits="0" number="145"/>
            <line hits="0" number="146"/>
            <line hits="0" number="148"/>
            <line hits="0" number="152"/>
            <line hits="0" number="153"/>
            <line hits="0" number="154"/>
            <line hits="0" number="155"/>
            <line hits="0" number="157"/>
            <line hits="0" number="161"/>
            <line hits="0" number="162"/>
            <line hits="0" number="163"/>
            <line hits="0" number="164"/>
            <line hits="0" number="165"/>
            <line hits="0" number="166"/>
            <line hits="0" number="170"/>
            <line hits="0" number="171"/>
            <line hits="0" number="172"/>
            <line hits="0" number="174"/>
            <line hits="0" number="175"/>
            <line hits="0" number="176"/>
            <line hits="0" number="178"/>
            <line hits="0" number="180"/>
            <line hits="0" number="181"/>
            <line hits="0" number="183"/>
            <line hits="0" number="184"/>
            <line hits="0" number="186"/>
            <line hits="0" number="189"/>
            <line hits="0" number="190"/>
            <line hits="0" number="194"/>
            <line hits="0" number="195"/>
            <line hits="0" number="196"/>
            <line hits="0" number="199"/>
            <line hits="0" number="200"/>
            <line hits="0" number="203"/>
            <line hits="0" number="204"/>
            <line hits="0" number="207"/>
            <line hits="0" number="213"/>
            <line hits="0" number="216"/>
            <line hits="0" number="217"/>
            <line hits="0" number="221"/>
            <line hits="0" number="224"/>
            <line hits="0" number="226"/>
            <line hits="0" number="229"/>
            <line hits="0" number="232"/>
          </lines>
        </class>
        <class branch-rate="NaN" complexity="NaN" filename="kern/rayPaths.m" line-rate="0" name="rayPaths">
          <methods/>
          <lines>
            <line hits="0" number="53"/>
            <line hits="0" number="54"/>
            <line hits="0" number="55"/>
            <line hits="0" number="56"/>
            <line hits="0" number="57"/>
            <line hits="0" number="58"/>
            <line hits="0" number="59"/>
            <line hits="0" number="60"/>
            <line hits="0" number="61"/>
            <line hits="0" number="62"/>
            <line hits="0" number="63"/>
            <line hits="0" number="64"/>
            <line hits="0" number="68"/>
            <line hits="0" number="70"/>
            <line hits="0" number="71"/>
            <line hits="0" number="72"/>
            <line hits="0" number="73"/>
            <line hits="0" number="76"/>
            <line hits="0" number="77"/>
            <line hits="0" number="78"/>
            <line hits="0" number="82"/>
            <line hits="0" number="83"/>
            <line hits="0" number="84"/>
            <line hits="0" number="88"/>
            <line hits="0" number="89"/>
            <line hits="0" number="90"/>
            <line hits="0" number="91"/>
            <line hits="0" number="94"/>
            <line hits="0" number="95"/>
            <line hits="0" number="98"/>
            <line hits="0" number="99"/>
            <line hits="0" number="102"/>
            <line hits="0" number="103"/>
            <line hits="0" number="105"/>
            <line hits="0" number="107"/>
            <line hits="0" number="108"/>
            <line hits="0" number="110"/>
            <line hits="0" number="113"/>
            <line hits="0" number="117"/>
            <line hits="0" number="118"/>
            <line hits="0" number="119"/>
            <line hits="0" number="120"/>
            <line hits="0" number="121"/>
            <line hits="0" number="122"/>
            <line hits="0" number="123"/>
            <line hits="0" number="126"/>
            <line hits="0" number="129"/>
            <line hits="0" number="130"/>
            <line hits="0" number="131"/>
            <line hits="0" number="133"/>
            <line hits="0" number="134"/>
            <line hits="0" number="136"/>
            <line hits="0" number="137"/>
            <line hits="0" number="139"/>
            <line hits="0" number="144"/>
            <line hits="0" number="146"/>
            <line hits="0" number="147"/>
            <line hits="0" number="150"/>
            <line hits="0" number="151"/>
            <line hits="0" number="152"/>
            <line hits="0" number="155"/>
            <line hits="0" number="156"/>
            <line hits="0" number="159"/>
            <line hits="0" number="170"/>
            <line hits="0" number="171"/>
            <line hits="0" number="172"/>
            <line hits="0" number="177"/>
            <line hits="0" number="178"/>
            <line hits="0" number="179"/>
            <line hits="0" number="180"/>
            <line hits="0" number="181"/>
            <line hits="0" number="185"/>
            <line hits="0" number="186"/>
            <line hits="0" number="187"/>
            <line hits="0" number="190"/>
            <line hits="0" number="194"/>
            <line hits="0" number="195"/>
            <line hits="0" number="196"/>
            <line hits="0" number="199"/>
            <line hits="0" number="200"/>
            <line hits="0" number="201"/>
            <line hits="0" number="204"/>
            <line hits="0" number="208"/>
            <line hits="0" number="209"/>
            <line hits="0" number="211"/>
            <line hits="0" number="213"/>
            <line hits="0" number="214"/>
            <line hits="0" number="215"/>
            <line hits="0" number="221"/>
            <line hits="0" number="222"/>
            <line hits="0" number="224"/>
          </lines>
        </class>
        <class branch-rate="NaN" complexity="NaN" filename="kern/runFullwaveTx.m" line-rate="0" name="runFullwaveTx">
          <methods/>
          <lines>
            <line hits="0" number="20"/>
            <line hits="0" number="21"/>
            <line hits="0" number="22"/>
            <line hits="0" number="25"/>
            <line hits="0" number="28"/>
            <line hits="0" number="29"/>
            <line hits="0" number="31"/>
            <line hits="0" number="33"/>
            <line hits="0" number="36"/>
            <line hits="0" number="39"/>
            <line hits="0" number="40"/>
            <line hits="0" number="41"/>
            <line hits="0" number="42"/>
            <line hits="0" number="43"/>
            <line hits="0" number="44"/>
            <line hits="0" number="45"/>
            <line hits="0" number="46"/>
            <line hits="0" number="50"/>
            <line hits="0" number="53"/>
            <line hits="0" number="54"/>
            <line hits="0" number="55"/>
            <line hits="0" number="58"/>
            <line hits="0" number="59"/>
            <line hits="0" number="61"/>
            <line hits="0" number="62"/>
            <line hits="0" number="65"/>
            <line hits="0" number="68"/>
            <line hits="0" number="72"/>
            <line hits="0" number="77"/>
            <line hits="0" number="80"/>
          </lines>
        </class>
        <class branch-rate="NaN" complexity="NaN" filename="kern/slsc.m" line-rate="0" name="slsc">
          <methods/>
          <lines>
            <line hits="0" number="118"/>
            <line hits="0" number="119"/>
            <line hits="0" number="120"/>
            <line hits="0" number="121"/>
            <line hits="0" number="122"/>
            <line hits="0" number="123"/>
            <line hits="0" number="128"/>
            <line hits="0" number="129"/>
            <line hits="0" number="130"/>
            <line hits="0" number="134"/>
            <line hits="0" number="135"/>
            <line hits="0" number="136"/>
            <line hits="0" number="137"/>
            <line hits="0" number="138"/>
            <line hits="0" number="139"/>
            <line hits="0" number="142"/>
            <line hits="0" number="143"/>
            <line hits="0" number="146"/>
            <line hits="0" number="147"/>
            <line hits="0" number="148"/>
            <line hits="0" number="151"/>
            <line hits="0" number="152"/>
            <line hits="0" number="153"/>
            <line hits="0" number="154"/>
            <line hits="0" number="155"/>
            <line hits="0" number="158"/>
            <line hits="0" number="161"/>
            <line hits="0" number="162"/>
            <line hits="0" number="163"/>
            <line hits="0" number="167"/>
            <line hits="0" number="168"/>
            <line hits="0" number="169"/>
            <line hits="0" number="170"/>
            <line hits="0" number="171"/>
            <line hits="0" number="172"/>
            <line hits="0" number="173"/>
            <line hits="0" number="177"/>
            <line hits="0" number="180"/>
            <line hits="0" number="186"/>
            <line hits="0" number="187"/>
            <line hits="0" number="189"/>
            <line hits="0" number="192"/>
            <line hits="0" number="195"/>
            <line hits="0" number="198"/>
            <line hits="0" number="199"/>
            <line hits="0" number="204"/>
            <line hits="0" number="207"/>
            <line hits="0" number="210"/>
            <line hits="0" number="213"/>
            <line hits="0" number="214"/>
            <line hits="0" number="223"/>
          </lines>
        </class>
        <class branch-rate="NaN" complexity="NaN" filename="kern/trapz_.m" line-rate="0" name="trapz_">
          <methods/>
          <lines>
            <line hits="0" number="10"/>
          </lines>
        </class>
        <class branch-rate="NaN" complexity="NaN" filename="kern/wbilerp.m" line-rate="0" name="wbilerp">
          <methods/>
          <lines>
            <line hits="0" number="41"/>
            <line hits="0" number="42"/>
            <line hits="0" number="43"/>
            <line hits="0" number="44"/>
            <line hits="0" number="45"/>
            <line hits="0" number="46"/>
            <line hits="0" number="50"/>
            <line hits="0" number="51"/>
            <line hits="0" number="54"/>
            <line hits="0" number="55"/>
            <line hits="0" number="58"/>
            <line hits="0" number="61"/>
            <line hits="0" number="64"/>
            <line hits="0" number="67"/>
            <line hits="0" number="68"/>
            <line hits="0" number="69"/>
            <line hits="0" number="70"/>
            <line hits="0" number="71"/>
            <line hits="0" number="72"/>
            <line hits="0" number="73"/>
            <line hits="0" number="75"/>
            <line hits="0" number="78"/>
            <line hits="0" number="79"/>
            <line hits="0" number="80"/>
            <line hits="0" number="81"/>
            <line hits="0" number="82"/>
            <line hits="0" number="83"/>
            <line hits="0" number="85"/>
            <line hits="0" number="91"/>
            <line hits="0" number="94"/>
            <line hits="0" number="95"/>
            <line hits="0" number="97"/>
            <line hits="0" number="101"/>
            <line hits="0" number="102"/>
            <line hits="0" number="103"/>
            <line hits="0" number="104"/>
            <line hits="0" number="107"/>
            <line hits="0" number="108"/>
            <line hits="0" number="109"/>
            <line hits="0" number="112"/>
            <line hits="0" number="113"/>
            <line hits="0" number="117"/>
            <line hits="0" number="118"/>
            <line hits="0" number="119"/>
            <line hits="0" number="122"/>
            <line hits="0" number="123"/>
            <line hits="0" number="124"/>
            <line hits="0" number="125"/>
            <line hits="0" number="126"/>
            <line hits="0" number="127"/>
            <line hits="0" number="128"/>
            <line hits="0" number="129"/>
            <line hits="0" number="134"/>
            <line hits="0" number="135"/>
            <line hits="0" number="138"/>
            <line hits="0" number="139"/>
            <line hits="0" number="142"/>
            <line hits="0" number="144"/>
            <line hits="0" number="145"/>
            <line hits="0" number="146"/>
            <line hits="0" number="150"/>
            <line hits="0" number="153"/>
            <line hits="0" number="156"/>
            <line hits="0" number="163"/>
            <line hits="0" number="164"/>
            <line hits="0" number="168"/>
            <line hits="0" number="169"/>
            <line hits="0" number="172"/>
            <line hits="0" number="175"/>
            <line hits="0" number="179"/>
            <line hits="0" number="182"/>
            <line hits="0" number="183"/>
            <line hits="0" number="186"/>
            <line hits="0" number="189"/>
            <line hits="0" number="190"/>
            <line hits="0" number="191"/>
            <line hits="0" number="195"/>
            <line hits="0" number="196"/>
            <line hits="0" number="199"/>
            <line hits="0" number="208"/>
          </lines>
        </class>
        <class branch-rate="NaN" complexity="NaN" filename="kern/wbilerpg.m" line-rate="0" name="wbilerpg">
          <methods/>
          <lines>
            <line hits="0" number="46"/>
            <line hits="0" number="47"/>
            <line hits="0" number="48"/>
            <line hits="0" number="49"/>
            <line hits="0" number="50"/>
            <line hits="0" number="51"/>
            <line hits="0" number="55"/>
            <line hits="0" number="56"/>
            <line hits="0" number="57"/>
            <line hits="0" number="58"/>
            <line hits="0" number="61"/>
            <line hits="0" number="62"/>
            <line hits="0" number="65"/>
            <line hits="0" number="68"/>
            <line hits="0" number="69"/>
            <line hits="0" number="70"/>
            <line hits="0" number="71"/>
            <line hits="0" number="74"/>
            <line hits="0" number="75"/>
            <line hits="0" number="76"/>
            <line hits="0" number="77"/>
            <line hits="0" number="78"/>
            <line hits="0" number="79"/>
            <line hits="0" number="83"/>
            <line hits="0" number="84"/>
            <line hits="0" number="87"/>
            <line hits="0" number="89"/>
            <line hits="0" number="90"/>
            <line hits="0" number="92"/>
            <line hits="0" number="95"/>
            <line hits="0" number="96"/>
            <line hits="0" number="99"/>
            <line hits="0" number="100"/>
            <line hits="0" number="101"/>
            <line hits="0" number="102"/>
            <line hits="0" number="103"/>
            <line hits="0" number="104"/>
            <line hits="0" number="108"/>
            <line hits="0" number="109"/>
            <line hits="0" number="110"/>
            <line hits="0" number="111"/>
            <line hits="0" number="115"/>
            <line hits="0" number="118"/>
            <line hits="0" number="119"/>
            <line hits="0" number="122"/>
            <line hits="0" number="125"/>
            <line hits="0" number="129"/>
            <line hits="0" number="132"/>
            <line hits="0" number="133"/>
            <line hits="0" number="136"/>
            <line hits="0" number="137"/>
            <line hits="0" number="140"/>
            <line hits="0" number="143"/>
            <line hits="0" number="144"/>
            <line hits="0" number="145"/>
            <line hits="0" number="146"/>
            <line hits="0" number="147"/>
            <line hits="0" number="148"/>
            <line hits="0" number="151"/>
            <line hits="0" number="152"/>
            <line hits="0" number="153"/>
            <line hits="0" number="156"/>
            <line hits="0" number="157"/>
            <line hits="0" number="162"/>
            <line hits="0" number="163"/>
            <line hits="0" number="164"/>
            <line hits="0" number="167"/>
            <line hits="0" number="168"/>
            <line hits="0" number="171"/>
            <line hits="0" number="172"/>
            <line hits="0" number="174"/>
            <line hits="0" number="175"/>
            <line hits="0" number="176"/>
            <line hits="0" number="177"/>
            <line hits="0" number="178"/>
            <line hits="0" number="179"/>
            <line hits="0" number="183"/>
            <line hits="0" number="184"/>
            <line hits="0" number="185"/>
            <line hits="0" number="191"/>
            <line hits="0" number="192"/>
            <line hits="0" number="193"/>
            <line hits="0" number="202"/>
            <line hits="0" number="208"/>
            <line hits="0" number="214"/>
            <line hits="0" number="222"/>
            <line hits="0" number="225"/>
            <line hits="0" number="228"/>
            <line hits="0" number="235"/>
            <line hits="0" number="236"/>
            <line hits="0" number="237"/>
            <line hits="0" number="238"/>
            <line hits="0" number="239"/>
            <line hits="0" number="240"/>
            <line hits="0" number="241"/>
            <line hits="0" number="243"/>
            <line hits="0" number="246"/>
            <line hits="0" number="247"/>
            <line hits="0" number="248"/>
            <line hits="0" number="249"/>
            <line hits="0" number="250"/>
            <line hits="0" number="251"/>
            <line hits="0" number="253"/>
            <line hits="0" number="261"/>
            <line hits="0" number="262"/>
          </lines>
        </class>
        <class branch-rate="NaN" complexity="NaN" filename="kern/wsinterpd.m" line-rate="0.51515" name="wsinterpd">
          <methods/>
          <lines>
            <line hits="148" number="45"/>
            <line hits="148" number="46"/>
            <line hits="148" number="47"/>
            <line hits="148" number="48"/>
            <line hits="148" number="49"/>
            <line hits="148" number="50"/>
            <line hits="148" number="51"/>
            <line hits="148" number="52"/>
            <line hits="148" number="55"/>
            <line hits="148" number="56"/>
            <line hits="148" number="57"/>
            <line hits="148" number="58"/>
            <line hits="148" number="59"/>
            <line hits="148" number="60"/>
            <line hits="148" number="62"/>
            <line hits="148" number="63"/>
            <line hits="148" number="64"/>
            <line hits="148" number="65"/>
            <line hits="148" number="66"/>
            <line hits="148" number="67"/>
            <line hits="148" number="68"/>
            <line hits="148" number="72"/>
            <line hits="148" number="76"/>
            <line hits="148" number="77"/>
            <line hits="148" number="78"/>
            <line hits="148" number="79"/>
            <line hits="148" number="80"/>
            <line hits="148" number="81"/>
            <line hits="148" number="82"/>
            <line hits="148" number="84"/>
            <line hits="148" number="85"/>
            <line hits="148" number="89"/>
            <line hits="148" number="91"/>
            <line hits="148" number="93"/>
            <line hits="148" number="94"/>
            <line hits="148" number="95"/>
            <line hits="148" number="96"/>
            <line hits="148" number="98"/>
            <line hits="148" number="99"/>
            <line hits="148" number="100"/>
            <line hits="148" number="101"/>
            <line hits="148" number="102"/>
            <line hits="148" number="103"/>
            <line hits="148" number="104"/>
            <line hits="148" number="107"/>
            <line hits="0" number="110"/>
            <line hits="0" number="111"/>
            <line hits="0" number="114"/>
            <line hits="0" number="115"/>
            <line hits="0" number="118"/>
            <line hits="0" number="119"/>
            <line hits="0" number="122"/>
            <line hits="0" number="123"/>
            <line hits="0" number="126"/>
            <line hits="0" number="127"/>
            <line hits="0" number="128"/>
            <line hits="0" number="129"/>
            <line hits="0" number="130"/>
            <line hits="0" number="131"/>
            <line hits="0" number="133"/>
            <line hits="0" number="134"/>
            <line hits="0" number="138"/>
            <line hits="0" number="139"/>
            <line hits="0" number="140"/>
            <line hits="0" number="141"/>
            <line hits="0" number="144"/>
            <line hits="0" number="145"/>
            <line hits="0" number="146"/>
            <line hits="0" number="147"/>
            <line hits="0" number="148"/>
            <line hits="0" number="149"/>
            <line hits="0" number="153"/>
            <line hits="0" number="154"/>
            <line hits="0" number="155"/>
            <line hits="0" number="156"/>
            <line hits="0" number="157"/>
            <line hits="0" number="158"/>
            <line hits="0" number="161"/>
            <line hits="0" number="162"/>
            <line hits="0" number="166"/>
            <line hits="0" number="168"/>
            <line hits="0" number="169"/>
            <line hits="0" number="170"/>
            <line hits="0" number="171"/>
            <line hits="0" number="172"/>
            <line hits="0" number="173"/>
            <line hits="0" number="174"/>
            <line hits="0" number="175"/>
            <line hits="0" number="178"/>
            <line hits="0" number="179"/>
            <line hits="0" number="182"/>
            <line hits="0" number="183"/>
            <line hits="0" number="186"/>
            <line hits="0" number="187"/>
            <line hits="0" number="188"/>
            <line hits="0" number="189"/>
            <line hits="0" number="191"/>
            <line hits="0" number="195"/>
            <line hits="0" number="196"/>
            <line hits="0" number="197"/>
            <line hits="0" number="198"/>
            <line hits="0" number="201"/>
            <line hits="0" number="202"/>
            <line hits="0" number="203"/>
            <line hits="0" number="206"/>
            <line hits="0" number="209"/>
            <line hits="0" number="212"/>
            <line hits="148" number="217"/>
            <line hits="112" number="218"/>
            <line hits="148" number="222"/>
            <line hits="148" number="224"/>
            <line hits="148" number="227"/>
            <line hits="148" number="228"/>
            <line hits="148" number="229"/>
            <line hits="148" number="233"/>
            <line hits="148" number="234"/>
            <line hits="148" number="235"/>
            <line hits="148" number="236"/>
            <line hits="148" number="237"/>
            <line hits="148" number="240"/>
            <line hits="148" number="241"/>
            <line hits="0" number="242"/>
            <line hits="0" number="243"/>
            <line hits="148" number="246"/>
            <line hits="148" number="256"/>
            <line hits="148" number="257"/>
            <line hits="148" number="258"/>
            <line hits="148" number="259"/>
            <line hits="148" number="260"/>
            <line hits="148" number="263"/>
            <line hits="148" number="267"/>
            <line hits="296" number="270"/>
          </lines>
        </class>
        <class branch-rate="NaN" complexity="NaN" filename="kern/wsinterpd2.m" line-rate="0.5303" name="wsinterpd2">
          <methods/>
          <lines>
            <line hits="108" number="51"/>
            <line hits="108" number="52"/>
            <line hits="108" number="53"/>
            <line hits="108" number="54"/>
            <line hits="108" number="55"/>
            <line hits="108" number="56"/>
            <line hits="108" number="57"/>
            <line hits="108" number="58"/>
            <line hits="108" number="61"/>
            <line hits="108" number="62"/>
            <line hits="108" number="63"/>
            <line hits="108" number="64"/>
            <line hits="108" number="65"/>
            <line hits="108" number="66"/>
            <line hits="108" number="67"/>
            <line hits="108" number="69"/>
            <line hits="108" number="70"/>
            <line hits="108" number="71"/>
            <line hits="108" number="72"/>
            <line hits="108" number="73"/>
            <line hits="108" number="74"/>
            <line hits="108" number="75"/>
            <line hits="108" number="79"/>
            <line hits="108" number="83"/>
            <line hits="108" number="84"/>
            <line hits="108" number="85"/>
            <line hits="108" number="86"/>
            <line hits="108" number="87"/>
            <line hits="108" number="88"/>
            <line hits="108" number="89"/>
            <line hits="108" number="91"/>
            <line hits="108" number="92"/>
            <line hits="108" number="96"/>
            <line hits="108" number="98"/>
            <line hits="108" number="100"/>
            <line hits="108" number="101"/>
            <line hits="108" number="102"/>
            <line hits="108" number="103"/>
            <line hits="108" number="105"/>
            <line hits="108" number="106"/>
            <line hits="108" number="107"/>
            <line hits="108" number="108"/>
            <line hits="108" number="109"/>
            <line hits="108" number="110"/>
            <line hits="108" number="111"/>
            <line hits="108" number="114"/>
            <line hits="0" number="117"/>
            <line hits="0" number="120"/>
            <line hits="0" number="123"/>
            <line hits="0" number="124"/>
            <line hits="0" number="127"/>
            <line hits="0" number="128"/>
            <line hits="0" number="131"/>
            <line hits="0" number="132"/>
            <line hits="0" number="133"/>
            <line hits="0" number="134"/>
            <line hits="0" number="135"/>
            <line hits="0" number="136"/>
            <line hits="0" number="138"/>
            <line hits="0" number="139"/>
            <line hits="0" number="143"/>
            <line hits="0" number="144"/>
            <line hits="0" number="145"/>
            <line hits="0" number="146"/>
            <line hits="0" number="149"/>
            <line hits="0" number="150"/>
            <line hits="0" number="151"/>
            <line hits="0" number="152"/>
            <line hits="0" number="153"/>
            <line hits="0" number="154"/>
            <line hits="0" number="158"/>
            <line hits="0" number="159"/>
            <line hits="0" number="160"/>
            <line hits="0" number="161"/>
            <line hits="0" number="162"/>
            <line hits="0" number="163"/>
            <line hits="0" number="166"/>
            <line hits="0" number="167"/>
            <line hits="0" number="171"/>
            <line hits="0" number="173"/>
            <line hits="0" number="174"/>
            <line hits="0" number="175"/>
            <line hits="0" number="176"/>
            <line hits="0" number="177"/>
            <line hits="0" number="178"/>
            <line hits="0" number="179"/>
            <line hits="0" number="180"/>
            <line hits="0" number="182"/>
            <line hits="0" number="183"/>
            <line hits="0" number="186"/>
            <line hits="0" number="187"/>
            <line hits="0" number="190"/>
            <line hits="0" number="191"/>
            <line hits="0" number="192"/>
            <line hits="0" number="193"/>
            <line hits="0" number="195"/>
            <line hits="0" number="199"/>
            <line hits="0" number="200"/>
            <line hits="0" number="201"/>
            <line hits="0" number="202"/>
            <line hits="0" number="205"/>
            <line hits="0" number="206"/>
            <line hits="0" number="207"/>
            <line hits="0" number="210"/>
            <line hits="0" number="213"/>
            <line hits="0" number="216"/>
            <line hits="108" number="220"/>
            <line hits="72" number="221"/>
            <line hits="108" number="225"/>
            <line hits="108" number="229"/>
            <line hits="108" number="230"/>
            <line hits="108" number="231"/>
            <line hits="108" number="235"/>
            <line hits="108" number="236"/>
            <line hits="108" number="239"/>
            <line hits="108" number="240"/>
            <line hits="108" number="241"/>
            <line hits="108" number="245"/>
            <line hits="108" number="246"/>
            <line hits="0" number="247"/>
            <line hits="0" number="248"/>
            <line hits="108" number="251"/>
            <line hits="108" number="253"/>
            <line hits="108" number="275"/>
            <line hits="108" number="276"/>
            <line hits="108" number="277"/>
            <line hits="108" number="278"/>
            <line hits="108" number="279"/>
            <line hits="108" number="282"/>
            <line hits="108" number="286"/>
            <line hits="432" number="289"/>
            <line hits="324" number="295"/>
          </lines>
        </class>
        <class branch-rate="NaN" complexity="NaN" filename="kern/xiaolinwu_k_scaled.m" line-rate="0" name="xiaolinwu_k_scaled">
          <methods/>
          <lines>
            <line hits="0" number="77"/>
            <line hits="0" number="78"/>
            <line hits="0" number="81"/>
            <line hits="0" number="84"/>
            <line hits="0" number="87"/>
            <line hits="0" number="90"/>
            <line hits="0" number="93"/>
            <line hits="0" number="94"/>
            <line hits="0" number="95"/>
            <line hits="0" number="96"/>
            <line hits="0" number="97"/>
            <line hits="0" number="98"/>
            <line hits="0" number="100"/>
            <line hits="0" number="105"/>
            <line hits="0" number="106"/>
            <line hits="0" number="108"/>
            <line hits="0" number="110"/>
            <line hits="0" number="111"/>
            <line hits="0" number="112"/>
            <line hits="0" number="115"/>
            <line hits="0" number="116"/>
            <line hits="0" number="117"/>
            <line hits="0" number="118"/>
            <line hits="0" number="119"/>
            <line hits="0" number="121"/>
            <line hits="0" number="122"/>
            <line hits="0" number="123"/>
            <line hits="0" number="124"/>
            <line hits="0" number="125"/>
            <line hits="0" number="126"/>
            <line hits="0" number="127"/>
            <line hits="0" number="128"/>
            <line hits="0" number="130"/>
            <line hits="0" number="134"/>
            <line hits="0" number="135"/>
            <line hits="0" number="138"/>
          </lines>
        </class>
        <class branch-rate="NaN" complexity="NaN" filename="src/ChannelData.m" line-rate="0" name="ChannelData">
          <methods>
            <method branch-rate="NaN" line-rate="0" name="ChannelData" signature="chd = ChannelData(varargin)">
              <lines>
                <line hits="0" number="57"/>
              </lines>
            </method>
            <method branch-rate="NaN" line-rate="0" name="copyElement" signature="chd = copyElement(chd)">
              <lines>
                <line hits="0" number="64"/>
              </lines>
            </method>
            <method branch-rate="NaN" line-rate="0" name="QUPS2USTB" signature="uchannel_data = QUPS2USTB(chd, seq, xdc, fmod)">
              <lines>
                <line hits="0" number="81"/>
                <line hits="0" number="82"/>
                <line hits="0" number="83"/>
                <line hits="0" number="84"/>
                <line hits="0" number="85"/>
                <line hits="0" number="86"/>
                <line hits="0" number="87"/>
                <line hits="0" number="88"/>
                <line hits="0" number="89"/>
                <line hits="0" number="90"/>
                <line hits="0" number="91"/>
              </lines>
            </method>
            <method branch-rate="NaN" line-rate="0" name="scale" signature="chd = scale(chd, kwargs)">
              <lines>
                <line hits="0" number="118"/>
                <line hits="0" number="119"/>
                <line hits="0" number="120"/>
                <line hits="0" number="122"/>
              </lines>
            </method>
            <method branch-rate="NaN" line-rate="0" name="obj2struct" signature="s = obj2struct(chd)">
              <lines>
                <line hits="0" number="143"/>
                <line hits="0" number="144"/>
                <line hits="0" number="145"/>
                <line hits="0" number="146"/>
                <line hits="0" number="147"/>
                <line hits="0" number="148"/>
              </lines>
            </method>
            <method branch-rate="NaN" line-rate="0" name="UFF" signature="chd = UFF(uchannel_data, seq, xdc)">
              <lines>
                <line hits="0" number="161"/>
                <line hits="0" number="162"/>
                <line hits="0" number="163"/>
                <line hits="0" number="164"/>
                <line hits="0" number="165"/>
                <line hits="0" number="166"/>
                <line hits="0" number="167"/>
                <line hits="0" number="168"/>
                <line hits="0" number="172"/>
                <line hits="0" number="175"/>
                <line hits="0" number="176"/>
                <line hits="0" number="177"/>
                <line hits="0" number="178"/>
                <line hits="0" number="179"/>
                <line hits="0" number="180"/>
              </lines>
            </method>
            <method branch-rate="NaN" line-rate="0" name="Verasonics" signature="[chd, fmod, smode] = Verasonics(RcvData, Receive, Trans, kwargs)">
              <lines>
                <line hits="0" number="233"/>
                <line hits="0" number="236"/>
                <line hits="0" number="237"/>
                <line hits="0" number="239"/>
                <line hits="0" number="240"/>
                <line hits="0" number="241"/>
                <line hits="0" number="242"/>
                <line hits="0" number="243"/>
                <line hits="0" number="244"/>
                <line hits="0" number="248"/>
                <line hits="0" number="249"/>
                <line hits="0" number="250"/>
                <line hits="0" number="251"/>
                <line hits="0" number="252"/>
                <line hits="0" number="255"/>
                <line hits="0" number="256"/>
                <line hits="0" number="257"/>
                <line hits="0" number="258"/>
                <line hits="0" number="259"/>
                <line hits="0" number="260"/>
                <line hits="0" number="264"/>
                <line hits="0" number="265"/>
                <line hits="0" number="266"/>
                <line hits="0" number="267"/>
                <line hits="0" number="268"/>
                <line hits="0" number="269"/>
                <line hits="0" number="270"/>
                <line hits="0" number="274"/>
                <line hits="0" number="275"/>
                <line hits="0" number="276"/>
                <line hits="0" number="277"/>
                <line hits="0" number="278"/>
                <line hits="0" number="279"/>
                <line hits="0" number="280"/>
                <line hits="0" number="281"/>
                <line hits="0" number="282"/>
                <line hits="0" number="283"/>
                <line hits="0" number="284"/>
                <line hits="0" number="287"/>
                <line hits="0" number="288"/>
                <line hits="0" number="291"/>
                <line hits="0" number="292"/>
                <line hits="0" number="295"/>
                <line hits="0" number="296"/>
                <line hits="0" number="298"/>
                <line hits="0" number="302"/>
                <line hits="0" number="303"/>
                <line hits="0" number="306"/>
                <line hits="0" number="307"/>
                <line hits="0" number="309"/>
                <line hits="0" number="312"/>
                <line hits="0" number="314"/>
                <line hits="0" number="315"/>
                <line hits="0" number="316"/>
                <line hits="0" number="317"/>
                <line hits="0" number="318"/>
                <line hits="0" number="319"/>
                <line hits="0" number="320"/>
                <line hits="0" number="321"/>
                <line hits="0" number="322"/>
                <line hits="0" number="324"/>
                <line hits="0" number="326"/>
                <line hits="0" number="327"/>
                <line hits="0" number="331"/>
                <line hits="0" number="332"/>
                <line hits="0" number="333"/>
                <line hits="0" number="336"/>
                <line hits="0" number="337"/>
                <line hits="0" number="338"/>
                <line hits="0" number="339"/>
                <line hits="0" number="341"/>
                <line hits="0" number="345"/>
                <line hits="0" number="346"/>
                <line hits="0" number="347"/>
                <line hits="0" number="348"/>
                <line hits="0" number="349"/>
                <line hits="0" number="350"/>
                <line hits="0" number="351"/>
                <line hits="0" number="353"/>
                <line hits="0" number="354"/>
                <line hits="0" number="355"/>
                <line hits="0" number="356"/>
                <line hits="0" number="361"/>
                <line hits="0" number="362"/>
                <line hits="0" number="363"/>
              </lines>
            </method>
            <method branch-rate="NaN" line-rate="0" name="applyFun2Props" signature="chd = applyFun2Props(chd, fun)">
              <lines>
                <line hits="0" number="371"/>
                <line hits="0" number="372"/>
              </lines>
            </method>
            <method branch-rate="NaN" line-rate="0" name="applyFun2Data" signature="chd = applyFun2Data(chd, fun)">
              <lines>
                <line hits="0" number="374"/>
              </lines>
            </method>
            <method branch-rate="NaN" line-rate="0" name="applyFun2Dim" signature="chd = applyFun2Dim(chd, fun, dim, varargin)">
              <lines>
                <line hits="0" number="376"/>
                <line hits="0" number="377"/>
                <line hits="0" number="381"/>
                <line hits="0" number="382"/>
                <line hits="0" number="383"/>
              </lines>
            </method>
            <method branch-rate="NaN" line-rate="0" name="gather" signature="chd = gather(chd)">
              <lines>
                <line hits="0" number="390"/>
              </lines>
            </method>
            <method branch-rate="NaN" line-rate="0" name="gpuArray" signature="chd = gpuArray(chd)">
              <lines>
                <line hits="0" number="392"/>
              </lines>
            </method>
            <method branch-rate="NaN" line-rate="0" name="tall" signature="chd = tall(chd)">
              <lines>
                <line hits="0" number="394"/>
              </lines>
            </method>
            <method branch-rate="NaN" line-rate="0" name="sparse" signature="chd = sparse(chd)">
              <lines>
                <line hits="0" number="396"/>
              </lines>
            </method>
            <method branch-rate="NaN" line-rate="0" name="doubleT" signature="chd = doubleT(chd)">
              <lines>
                <line hits="0" number="398"/>
              </lines>
            </method>
            <method branch-rate="NaN" line-rate="0" name="singleT" signature="chd = singleT(chd)">
              <lines>
                <line hits="0" number="400"/>
              </lines>
            </method>
            <method branch-rate="NaN" line-rate="0" name="halfT" signature="chd = halfT(chd)">
              <lines>
                <line hits="0" number="402"/>
              </lines>
            </method>
            <method branch-rate="NaN" line-rate="0" name="int64T" signature="chd = int64T(chd)">
              <lines>
                <line hits="0" number="404"/>
              </lines>
            </method>
            <method branch-rate="NaN" line-rate="0" name="uint64T" signature="chd = uint64T(chd)">
              <lines>
                <line hits="0" number="406"/>
              </lines>
            </method>
            <method branch-rate="NaN" line-rate="0" name="int32T" signature="chd = int32T(chd)">
              <lines>
                <line hits="0" number="408"/>
              </lines>
            </method>
            <method branch-rate="NaN" line-rate="0" name="uint32T" signature="chd = uint32T(chd)">
              <lines>
                <line hits="0" number="410"/>
              </lines>
            </method>
            <method branch-rate="NaN" line-rate="0" name="int16T" signature="chd = int16T(chd)">
              <lines>
                <line hits="0" number="412"/>
              </lines>
            </method>
            <method branch-rate="NaN" line-rate="0" name="uint16T" signature="chd = uint16T(chd)">
              <lines>
                <line hits="0" number="414"/>
              </lines>
            </method>
            <method branch-rate="NaN" line-rate="0" name="int8T" signature="chd = int8T(chd)">
              <lines>
                <line hits="0" number="416"/>
              </lines>
            </method>
[...]
            <line hits="0" number="411"/>
            <line hits="0" number="415"/>
            <line hits="0" number="417"/>
            <line hits="0" number="418"/>
            <line hits="0" number="420"/>
            <line hits="0" number="422"/>
            <line hits="0" number="423"/>
            <line hits="0" number="425"/>
            <line hits="0" number="430"/>
            <line hits="0" number="431"/>
            <line hits="0" number="432"/>
            <line hits="0" number="434"/>
            <line hits="0" number="435"/>
            <line hits="0" number="437"/>
            <line hits="0" number="438"/>
            <line hits="0" number="439"/>
            <line hits="1" number="449"/>
            <line hits="0" number="484"/>
            <line hits="0" number="488"/>
            <line hits="0" number="489"/>
            <line hits="0" number="490"/>
            <line hits="0" number="494"/>
            <line hits="0" number="495"/>
            <line hits="0" number="496"/>
            <line hits="0" number="497"/>
            <line hits="0" number="498"/>
            <line hits="0" number="499"/>
            <line hits="0" number="500"/>
            <line hits="0" number="504"/>
            <line hits="0" number="505"/>
            <line hits="0" number="506"/>
            <line hits="0" number="509"/>
            <line hits="0" number="510"/>
            <line hits="0" number="511"/>
            <line hits="0" number="512"/>
            <line hits="0" number="515"/>
            <line hits="0" number="516"/>
            <line hits="0" number="517"/>
            <line hits="0" number="518"/>
          </lines>
        </class>
        <class branch-rate="NaN" complexity="NaN" filename="src/bfEikonalPW.m" line-rate="0" name="bfEikonalPW">
          <methods/>
          <lines>
            <line hits="0" number="137"/>
            <line hits="0" number="140"/>
            <line hits="0" number="141"/>
            <line hits="0" number="142"/>
            <line hits="0" number="143"/>
            <line hits="0" number="144"/>
            <line hits="0" number="145"/>
            <line hits="0" number="146"/>
            <line hits="0" number="147"/>
            <line hits="0" number="148"/>
            <line hits="0" number="150"/>
            <line hits="0" number="151"/>
            <line hits="0" number="156"/>
            <line hits="0" number="157"/>
            <line hits="0" number="158"/>
            <line hits="0" number="159"/>
            <line hits="0" number="160"/>
            <line hits="0" number="161"/>
            <line hits="0" number="162"/>
            <line hits="0" number="165"/>
            <line hits="0" number="167"/>
            <line hits="0" number="168"/>
            <line hits="0" number="169"/>
            <line hits="0" number="170"/>
            <line hits="0" number="171"/>
            <line hits="0" number="172"/>
            <line hits="0" number="176"/>
            <line hits="0" number="177"/>
            <line hits="0" number="179"/>
            <line hits="0" number="183"/>
            <line hits="0" number="184"/>
            <line hits="0" number="185"/>
            <line hits="0" number="188"/>
            <line hits="0" number="189"/>
            <line hits="0" number="192"/>
            <line hits="0" number="193"/>
            <line hits="0" number="194"/>
            <line hits="0" number="195"/>
            <line hits="0" number="196"/>
            <line hits="0" number="197"/>
            <line hits="0" number="198"/>
            <line hits="0" number="202"/>
            <line hits="0" number="203"/>
            <line hits="0" number="204"/>
            <line hits="0" number="207"/>
            <line hits="0" number="208"/>
            <line hits="0" number="211"/>
            <line hits="0" number="214"/>
            <line hits="0" number="215"/>
            <line hits="0" number="218"/>
            <line hits="0" number="223"/>
            <line hits="0" number="224"/>
            <line hits="0" number="225"/>
            <line hits="0" number="230"/>
            <line hits="0" number="231"/>
            <line hits="0" number="233"/>
            <line hits="0" number="239"/>
            <line hits="0" number="242"/>
            <line hits="0" number="243"/>
            <line hits="0" number="248"/>
            <line hits="0" number="249"/>
            <line hits="0" number="252"/>
            <line hits="0" number="253"/>
            <line hits="0" number="254"/>
            <line hits="0" number="257"/>
            <line hits="0" number="258"/>
            <line hits="0" number="259"/>
            <line hits="0" number="262"/>
            <line hits="0" number="263"/>
            <line hits="0" number="266"/>
            <line hits="0" number="267"/>
            <line hits="0" number="268"/>
            <line hits="0" number="271"/>
            <line hits="0" number="274"/>
            <line hits="0" number="277"/>
            <line hits="0" number="278"/>
            <line hits="0" number="280"/>
            <line hits="0" number="316"/>
            <line hits="0" number="317"/>
            <line hits="0" number="320"/>
            <line hits="0" number="323"/>
            <line hits="0" number="324"/>
            <line hits="0" number="327"/>
            <line hits="0" number="333"/>
            <line hits="0" number="334"/>
            <line hits="0" number="337"/>
            <line hits="0" number="338"/>
            <line hits="0" number="339"/>
            <line hits="0" number="342"/>
            <line hits="0" number="343"/>
            <line hits="0" number="344"/>
            <line hits="0" number="345"/>
            <line hits="0" number="347"/>
            <line hits="0" number="350"/>
            <line hits="0" number="351"/>
            <line hits="0" number="352"/>
            <line hits="0" number="354"/>
            <line hits="0" number="355"/>
            <line hits="0" number="356"/>
            <line hits="0" number="370"/>
            <line hits="0" number="371"/>
            <line hits="0" number="374"/>
            <line hits="0" number="375"/>
          </lines>
        </class>
        <class branch-rate="NaN" complexity="NaN" filename="src/convnf.m" line-rate="0" name="convnf">
          <methods/>
          <lines>
            <line hits="0" number="28"/>
            <line hits="0" number="29"/>
            <line hits="0" number="30"/>
            <line hits="0" number="31"/>
            <line hits="0" number="35"/>
            <line hits="0" number="36"/>
            <line hits="0" number="39"/>
            <line hits="0" number="43"/>
            <line hits="0" number="44"/>
            <line hits="0" number="45"/>
            <line hits="0" number="46"/>
            <line hits="0" number="47"/>
            <line hits="0" number="48"/>
            <line hits="0" number="49"/>
            <line hits="0" number="50"/>
            <line hits="0" number="51"/>
            <line hits="0" number="52"/>
            <line hits="0" number="56"/>
            <line hits="0" number="57"/>
            <line hits="0" number="64"/>
          </lines>
        </class>
        <class branch-rate="NaN" complexity="NaN" filename="utils/animate.m" line-rate="0" name="animate">
          <methods/>
          <lines>
            <line hits="0" number="75"/>
            <line hits="0" number="76"/>
            <line hits="0" number="77"/>
            <line hits="0" number="78"/>
            <line hits="0" number="79"/>
            <line hits="0" number="83"/>
            <line hits="0" number="84"/>
            <line hits="0" number="90"/>
            <line hits="0" number="91"/>
            <line hits="0" number="92"/>
            <line hits="0" number="93"/>
            <line hits="0" number="94"/>
            <line hits="0" number="95"/>
            <line hits="0" number="96"/>
            <line hits="0" number="97"/>
            <line hits="0" number="98"/>
            <line hits="0" number="99"/>
            <line hits="0" number="100"/>
            <line hits="0" number="101"/>
            <line hits="0" number="106"/>
            <line hits="0" number="107"/>
            <line hits="0" number="108"/>
            <line hits="0" number="111"/>
            <line hits="0" number="112"/>
            <line hits="0" number="113"/>
            <line hits="0" number="114"/>
            <line hits="0" number="115"/>
            <line hits="0" number="116"/>
            <line hits="0" number="117"/>
            <line hits="0" number="119"/>
            <line hits="0" number="120"/>
            <line hits="0" number="121"/>
            <line hits="0" number="122"/>
            <line hits="0" number="123"/>
            <line hits="0" number="124"/>
            <line hits="0" number="126"/>
            <line hits="0" number="127"/>
            <line hits="0" number="128"/>
            <line hits="0" number="129"/>
            <line hits="0" number="131"/>
            <line hits="0" number="132"/>
            <line hits="0" number="133"/>
            <line hits="0" number="134"/>
            <line hits="0" number="136"/>
            <line hits="0" number="137"/>
            <line hits="0" number="138"/>
            <line hits="0" number="139"/>
            <line hits="0" number="140"/>
            <line hits="0" number="141"/>
            <line hits="0" number="142"/>
            <line hits="0" number="144"/>
            <line hits="0" number="146"/>
            <line hits="0" number="149"/>
            <line hits="0" number="150"/>
            <line hits="0" number="154"/>
            <line hits="0" number="155"/>
            <line hits="0" number="157"/>
            <line hits="0" number="160"/>
            <line hits="0" number="163"/>
            <line hits="0" number="166"/>
            <line hits="0" number="167"/>
            <line hits="0" number="170"/>
            <line hits="0" number="173"/>
            <line hits="0" number="175"/>
            <line hits="0" number="177"/>
            <line hits="0" number="178"/>
            <line hits="0" number="179"/>
            <line hits="0" number="181"/>
            <line hits="0" number="185"/>
            <line hits="0" number="186"/>
            <line hits="0" number="187"/>
            <line hits="0" number="188"/>
            <line hits="0" number="193"/>
            <line hits="0" number="194"/>
            <line hits="0" number="195"/>
            <line hits="0" number="196"/>
            <line hits="0" number="197"/>
            <line hits="0" number="198"/>
            <line hits="0" number="200"/>
            <line hits="0" number="202"/>
            <line hits="0" number="203"/>
            <line hits="0" number="208"/>
            <line hits="0" number="209"/>
            <line hits="0" number="210"/>
            <line hits="0" number="211"/>
            <line hits="0" number="212"/>
            <line hits="0" number="213"/>
            <line hits="0" number="214"/>
          </lines>
        </class>
        <class branch-rate="NaN" complexity="NaN" filename="utils/argmax.m" line-rate="0" name="argmax">
          <methods/>
          <lines>
            <line hits="0" number="1"/>
          </lines>
        </class>
        <class branch-rate="NaN" complexity="NaN" filename="utils/argmin.m" line-rate="0" name="argmin">
          <methods/>
          <lines>
            <line hits="0" number="1"/>
          </lines>
        </class>
        <class branch-rate="NaN" complexity="NaN" filename="utils/argn.m" line-rate="0" name="argn">
          <methods/>
          <lines>
            <line hits="0" number="36"/>
            <line hits="0" number="37"/>
            <line hits="0" number="38"/>
            <line hits="0" number="39"/>
            <line hits="0" number="41"/>
            <line hits="0" number="42"/>
            <line hits="0" number="43"/>
          </lines>
        </class>
        <class branch-rate="NaN" complexity="NaN" filename="utils/dbr.m" line-rate="0" name="dbr">
          <methods/>
          <lines>
            <line hits="0" number="3"/>
            <line hits="0" number="4"/>
            <line hits="0" number="6"/>
            <line hits="0" number="8"/>
            <line hits="0" number="9"/>
            <line hits="0" number="10"/>
            <line hits="0" number="11"/>
            <line hits="0" number="12"/>
            <line hits="0" number="13"/>
            <line hits="0" number="17"/>
            <line hits="0" number="18"/>
            <line hits="0" number="19"/>
            <line hits="0" number="20"/>
            <line hits="0" number="21"/>
          </lines>
        </class>
        <class branch-rate="NaN" complexity="NaN" filename="utils/dealfun.m" line-rate="0.6" name="dealfun">
          <methods/>
          <lines>
            <line hits="1060" number="14"/>
            <line hits="0" number="15"/>
            <line hits="1060" number="17"/>
            <line hits="0" number="18"/>
            <line hits="1060" number="20"/>
          </lines>
        </class>
        <class branch-rate="NaN" complexity="NaN" filename="utils/frame2gif.m" line-rate="0" name="frame2gif">
          <methods/>
          <lines>
            <line hits="0" number="45"/>
            <line hits="0" number="51"/>
            <line hits="0" number="52"/>
            <line hits="0" number="53"/>
            <line hits="0" number="54"/>
            <line hits="0" number="55"/>
            <line hits="0" number="57"/>
            <line hits="0" number="58"/>
            <line hits="0" number="59"/>
            <line hits="0" number="65"/>
            <line hits="0" number="66"/>
            <line hits="0" number="67"/>
            <line hits="0" number="68"/>
            <line hits="0" number="70"/>
            <line hits="0" number="75"/>
            <line hits="0" number="76"/>
            <line hits="0" number="79"/>
            <line hits="0" number="82"/>
            <line hits="0" number="85"/>
            <line hits="0" number="86"/>
            <line hits="0" number="89"/>
            <line hits="0" number="90"/>
          </lines>
        </class>
        <class branch-rate="NaN" complexity="NaN" filename="utils/gpuDeviceCount.m" line-rate="1" name="gpuDeviceCount">
          <methods/>
          <lines>
            <line hits="225" number="1"/>
          </lines>
        </class>
        <class branch-rate="NaN" complexity="NaN" filename="utils/isalmostn.m" line-rate="0" name="isalmostn">
          <methods/>
          <lines>
            <line hits="0" number="13"/>
            <line hits="0" number="15"/>
            <line hits="0" number="16"/>
            <line hits="0" number="17"/>
            <line hits="0" number="20"/>
            <line hits="0" number="21"/>
            <line hits="0" number="22"/>
            <line hits="0" number="23"/>
          </lines>
        </class>
        <class branch-rate="NaN" complexity="NaN" filename="utils/mod2db.m" line-rate="0" name="mod2db">
          <methods/>
          <lines>
            <line hits="0" number="1"/>
          </lines>
        </class>
        <class branch-rate="NaN" complexity="NaN" filename="utils/nan2zero.m" line-rate="0" name="nan2zero">
          <methods/>
          <lines>
            <line hits="0" number="1"/>
          </lines>
        </class>
        <class branch-rate="NaN" complexity="NaN" filename="utils/oclDeviceCount.m" line-rate="1" name="oclDeviceCount">
          <methods/>
          <lines>
            <line hits="364" number="1"/>
          </lines>
        </class>
        <class branch-rate="NaN" complexity="NaN" filename="utils/range.m" line-rate="0.66667" name="range">
          <methods/>
          <lines>
            <line hits="12" number="18"/>
            <line hits="12" number="19"/>
            <line hits="0" number="21"/>
          </lines>
        </class>
        <class branch-rate="NaN" complexity="NaN" filename="utils/rsqrt.m" line-rate="0" name="rsqrt">
          <methods/>
          <lines>
            <line hits="0" number="17"/>
            <line hits="0" number="18"/>
            <line hits="0" number="19"/>
            <line hits="0" number="20"/>
          </lines>
        </class>
        <class branch-rate="NaN" complexity="NaN" filename="utils/sel.m" line-rate="0" name="sel">
          <methods/>
          <lines>
            <line hits="0" number="20"/>
            <line hits="0" number="21"/>
            <line hits="0" number="25"/>
            <line hits="0" number="26"/>
            <line hits="0" number="29"/>
            <line hits="0" number="32"/>
            <line hits="0" number="33"/>
            <line hits="0" number="34"/>
            <line hits="0" number="35"/>
            <line hits="0" number="38"/>
            <line hits="0" number="39"/>
            <line hits="0" number="40"/>
            <line hits="0" number="41"/>
            <line hits="0" number="42"/>
            <line hits="0" number="47"/>
            <line hits="0" number="50"/>
            <line hits="0" number="51"/>
          </lines>
        </class>
        <class branch-rate="NaN" complexity="NaN" filename="utils/struct2nvpair.m" line-rate="1" name="struct2nvpair">
          <methods/>
          <lines>
            <line hits="8" number="15"/>
          </lines>
        </class>
        <class branch-rate="NaN" complexity="NaN" filename="utils/sub.m" line-rate="0" name="sub">
          <methods/>
          <lines>
            <line hits="0" number="24"/>
            <line hits="0" number="25"/>
            <line hits="0" number="28"/>
            <line hits="0" number="31"/>
            <line hits="0" number="34"/>
            <line hits="0" number="37"/>
            <line hits="0" number="40"/>
            <line hits="0" number="43"/>
            <line hits="0" number="46"/>
          </lines>
        </class>
        <class branch-rate="NaN" complexity="NaN" filename="utils/swapdim.m" line-rate="1" name="swapdim">
          <methods/>
          <lines>
            <line hits="3312" number="23"/>
            <line hits="3312" number="24"/>
            <line hits="3312" number="28"/>
            <line hits="3312" number="29"/>
            <line hits="3312" number="30"/>
            <line hits="3312" number="31"/>
            <line hits="3312" number="34"/>
            <line hits="2264" number="35"/>
            <line hits="1048" number="37"/>
            <line hits="1048" number="38"/>
            <line hits="1048" number="39"/>
            <line hits="1048" number="40"/>
            <line hits="3312" number="44"/>
            <line hits="2264" number="47"/>
            <line hits="2264" number="50"/>
            <line hits="1966" number="51"/>
            <line hits="298" number="53"/>
          </lines>
        </class>
        <class branch-rate="NaN" complexity="NaN" filename="utils/tenmul.m" line-rate="0" name="tenmul">
          <methods/>
          <lines>
            <line hits="0" number="26"/>
            <line hits="0" number="29"/>
            <line hits="0" number="30"/>
            <line hits="0" number="33"/>
            <line hits="0" number="36"/>
            <line hits="0" number="37"/>
            <line hits="0" number="40"/>
            <line hits="0" number="41"/>
            <line hits="0" number="45"/>
            <line hits="0" number="47"/>
            <line hits="0" number="49"/>
            <line hits="0" number="51"/>
            <line hits="0" number="54"/>
            <line hits="0" number="55"/>
            <line hits="0" number="59"/>
            <line hits="0" number="60"/>
            <line hits="0" number="63"/>
            <line hits="0" number="64"/>
            <line hits="0" number="70"/>
            <line hits="0" number="73"/>
            <line hits="0" number="77"/>
            <line hits="0" number="79"/>
          </lines>
        </class>
      </classes>
    </package>
  </packages>
</coverage>
